anaconda version 2020.07 loaded.
config.json : {'CHIP': {'description': 'Arguments for preprocessing pipeline', 'run': {'val': True, 'description': 'Do you want to run CHIP?'}, 'cross_match_stars': {'val': 'data/spocs/starnames_crossmatch_SPOCS_NEXSCI.txt', 'description': "../SPOCSdata/starnames_crossmatch_SPOCS_NEXSCI.txt, ../SPOCSdata/testStars.txt Cross Match Names file path ---> this txt file must have two columns seperated by a space with headers, one of the columns will the names of the stars in the catalogue you want. The other column must have the column name as 'HIRES' and contain the names of the HIRES identification for the stars."}, 'trim_spectrum': {'val': 50, 'description': 'Remove this many pixels from the left and right edges of EACH echelle order.'}, 'cores': {'val': 4, 'description': 'How many cores on your machine would you like to use? -1 for all.'}}, 'The Cannon': {'description': 'Arguments for The Cannon', 'run': {'val': '2022-12-28_22-13-57', 'description': 'If you want to run The Cannon set val to the name of the dir inside data/chip_runs you want to use (ex: 2022-12-24_06-57-37). Otherwise set to false.'}, 'random seed': {'val': 3, 'description': 'Random seed for reproducability.'}, 'train test split': {'val': 0.4, 'description': 'what fraction of the data set do you want to use for testing (ex: 0.4, 60% of the data set will be used for training, and 40% will be used for testing the best model)'}, 'stellar parameters': {'val': ['TEFF', 'LOGG', 'VSINI', 'FeH', 'CH', 'NH', 'OH', 'NaH', 'MgH', 'AlH', 'SiH', 'CaH', 'TiH', 'VH', 'CrH', 'MnH', 'NiH', 'YH'], 'description': 'A list of the stellar parameters you want to train The Cannon on. The names need to reflect the spelling in data/spocs/stellar_parameters.csv.'}, 'cost function': {'name': 'Mean Error', 'function': 'lambda true_array,predicted_array:  np.mean( true_array - predicted_array )', 'description': 'A lambda function and associated name of function, for computing the cost of a model.'}, 'masks': {'val': [['Iodine', 'data/constants/masks/by_eye_iodine_mask.npy'], ['None', False]], 'description': "List of masks to apply to all stars; for example: [['Name of Mask','file path to mask'],...,['None',False]]; shape of mask = (data/spocs/wl_solution.npy.shape[0],)"}, 'kfolds': {'val': 2, 'description': 'number of folds for kfold cross validation'}, 'batch size': {'val': 32, 'description': 'number of batches to split the training set into for mini-batch training'}, 'poly orders': {'val': [1, 2], 'description': 'What degree polynomials do you want The Cannon to try to fit to the data? ex: [1,2]'}}}
CHIP v1.0.0
CHIP.download_spectra( )
src/CHIP.py:147: RuntimeWarning: invalid value encountered in sqrt
  SNR = np.mean(np.sqrt(spectrum))
src/CHIP.py:147: RuntimeWarning: invalid value encountered in sqrt
  SNR = np.mean(np.sqrt(spectrum))
src/CHIP.py:147: RuntimeWarning: invalid value encountered in sqrt
  SNR = np.mean(np.sqrt(spectrum))
src/CHIP.py:147: RuntimeWarning: invalid value encountered in sqrt
  SNR = np.mean(np.sqrt(spectrum))
src/CHIP.py:147: RuntimeWarning: invalid value encountered in sqrt
  SNR = np.mean(np.sqrt(spectrum))
src/CHIP.py:147: RuntimeWarning: invalid value encountered in sqrt
  SNR = np.mean(np.sqrt(spectrum))
CK00087's querry doesn't have a 'FILENAME' column!
CK00365's querry doesn't have a 'FILENAME' column!
CK00005's querry doesn't have a 'FILENAME' column!
src/CHIP.py:147: RuntimeWarning: invalid value encountered in sqrt
  SNR = np.mean(np.sqrt(spectrum))
CK00244's querry doesn't have a 'FILENAME' column!
CK00364's querry doesn't have a 'FILENAME' column!
CK01612's querry doesn't have a 'FILENAME' column!
src/CHIP.py:147: RuntimeWarning: invalid value encountered in sqrt
  SNR = np.mean(np.sqrt(spectrum))
CK00085's querry doesn't have a 'FILENAME' column!
CK00122's querry doesn't have a 'FILENAME' column!
src/CHIP.py:147: RuntimeWarning: invalid value encountered in sqrt
  SNR = np.mean(np.sqrt(spectrum))
CK01442's querry doesn't have a 'FILENAME' column!
CK00041's querry doesn't have a 'FILENAME' column!
KIC2852862's querry doesn't have a 'FILENAME' column!
KIC3427720's querry doesn't have a 'FILENAME' column!
KIC3656476's querry doesn't have a 'FILENAME' column!
KIC3852594's querry doesn't have a 'FILENAME' column!
KIC5431016's querry doesn't have a 'FILENAME' column!
KIC5689820's querry doesn't have a 'FILENAME' column!
KIC5723165's querry doesn't have a 'FILENAME' column!
KIC5773345's querry doesn't have a 'FILENAME' column!
KIC5955122's querry doesn't have a 'FILENAME' column!
KIC6064910's querry doesn't have a 'FILENAME' column!
KIC6313425's querry doesn't have a 'FILENAME' column!
KIC6603624's querry doesn't have a 'FILENAME' column!
KIC6766513's querry doesn't have a 'FILENAME' column!
KIC7174707's querry doesn't have a 'FILENAME' column!
KIC7747078's querry doesn't have a 'FILENAME' column!
KIC7871531's querry doesn't have a 'FILENAME' column!
KIC7976303's querry doesn't have a 'FILENAME' column!
KIC8018599's querry doesn't have a 'FILENAME' column!
KIC8150065's querry doesn't have a 'FILENAME' column!
KIC8228742's querry doesn't have a 'FILENAME' column!
KIC8702606's querry doesn't have a 'FILENAME' column!
KIC9139151's querry doesn't have a 'FILENAME' column!
KIC9206432's querry doesn't have a 'FILENAME' column!
KIC9410862's querry doesn't have a 'FILENAME' column!
src/CHIP.py:147: RuntimeWarning: invalid value encountered in sqrt
  SNR = np.mean(np.sqrt(spectrum))
KIC9965715's querry doesn't have a 'FILENAME' column!
KIC10355856's querry doesn't have a 'FILENAME' column!
KIC10516096's querry doesn't have a 'FILENAME' column!
KIC10730618's querry doesn't have a 'FILENAME' column!
KIC10972873's querry doesn't have a 'FILENAME' column!
KIC11026764's querry doesn't have a 'FILENAME' column!
KIC11395018's querry doesn't have a 'FILENAME' column!
KIC11717120's querry doesn't have a 'FILENAME' column!
KIC11771760's querry doesn't have a 'FILENAME' column!
KIC12009504's querry doesn't have a 'FILENAME' column!
KIC12069127's querry doesn't have a 'FILENAME' column!
KIC12258514's querry doesn't have a 'FILENAME' column!
src/CHIP.py:147: RuntimeWarning: invalid value encountered in sqrt
  SNR = np.mean(np.sqrt(spectrum))
src/CHIP.py:147: RuntimeWarning: invalid value encountered in sqrt
  SNR = np.mean(np.sqrt(spectrum))
src/CHIP.py:147: RuntimeWarning: invalid value encountered in sqrt
  SNR = np.mean(np.sqrt(spectrum))
src/CHIP.py:147: RuntimeWarning: invalid value encountered in sqrt
  SNR = np.mean(np.sqrt(spectrum))
src/CHIP.py:147: RuntimeWarning: invalid value encountered in sqrt
  SNR = np.mean(np.sqrt(spectrum))
CK00265's querry doesn't have a 'FILENAME' column!
src/CHIP.py:147: RuntimeWarning: invalid value encountered in sqrt
  SNR = np.mean(np.sqrt(spectrum))
src/CHIP.py:147: RuntimeWarning: invalid value encountered in sqrt
  SNR = np.mean(np.sqrt(spectrum))
CK00273's querry doesn't have a 'FILENAME' column!
src/CHIP.py:147: RuntimeWarning: invalid value encountered in sqrt
  SNR = np.mean(np.sqrt(spectrum))
src/CHIP.py:147: RuntimeWarning: invalid value encountered in sqrt
  SNR = np.mean(np.sqrt(spectrum))
HD70843's querry doesn't have a 'FILENAME' column!
HD120064's querry doesn't have a 'FILENAME' column!
KIC6779260's querry doesn't have a 'FILENAME' column!
KIC8552719's querry doesn't have a 'FILENAME' column!
src/CHIP.py:147: RuntimeWarning: invalid value encountered in sqrt
  SNR = np.mean(np.sqrt(spectrum))
CK01924's querry doesn't have a 'FILENAME' column!
CK01925's querry doesn't have a 'FILENAME' column!
CK02720's querry doesn't have a 'FILENAME' column!
CK02687's querry doesn't have a 'FILENAME' column!
KIC7940546's querry doesn't have a 'FILENAME' column!
CK00245's querry doesn't have a 'FILENAME' column!
CK02169's querry doesn't have a 'FILENAME' column!
CK00321's querry doesn't have a 'FILENAME' column!
CK00701's querry doesn't have a 'FILENAME' column!
src/CHIP.py:147: RuntimeWarning: invalid value encountered in sqrt
  SNR = np.mean(np.sqrt(spectrum))
HD136202's querry doesn't have a 'FILENAME' column!
src/CHIP.py:147: RuntimeWarning: invalid value encountered in sqrt
  SNR = np.mean(np.sqrt(spectrum))
HTR114-006's querry doesn't have a 'FILENAME' column!
HD215549's querry doesn't have a 'FILENAME' column!
HD6582's querry doesn't have a 'FILENAME' column!
HD20367's querry doesn't have a 'FILENAME' column!
HD23596's querry doesn't have a 'FILENAME' column!
HD25975's querry doesn't have a 'FILENAME' column!
HD69897's querry doesn't have a 'FILENAME' column!
HD39587's querry doesn't have a 'FILENAME' column!
HD45506's querry doesn't have a 'FILENAME' column!
HD49933's querry doesn't have a 'FILENAME' column!
HD34538's querry doesn't have a 'FILENAME' column!
HD21019's querry doesn't have a 'FILENAME' column!
HD22682's querry doesn't have a 'FILENAME' column!
HD19994's querry doesn't have a 'FILENAME' column!
HD82443's querry doesn't have a 'FILENAME' column!
HD46588's querry doesn't have a 'FILENAME' column!
HD122386's querry doesn't have a 'FILENAME' column!
HD185351's querry doesn't have a 'FILENAME' column!
HD210027's querry doesn't have a 'FILENAME' column!
HD30652's querry doesn't have a 'FILENAME' column!
HD16895's querry doesn't have a 'FILENAME' column!
HD37601's querry doesn't have a 'FILENAME' column!
HD78558's querry doesn't have a 'FILENAME' column!
HD82074's querry doesn't have a 'FILENAME' column!
HD97334's querry doesn't have a 'FILENAME' column!
HD78366's querry doesn't have a 'FILENAME' column!
HD82328's querry doesn't have a 'FILENAME' column!
HIP31014's querry doesn't have a 'FILENAME' column!
HIP30220's querry doesn't have a 'FILENAME' column!
HD42807's querry doesn't have a 'FILENAME' column!
HD25893's querry doesn't have a 'FILENAME' column!
HD126868's querry doesn't have a 'FILENAME' column!
HD130948's querry doesn't have a 'FILENAME' column!
HD132254's querry doesn't have a 'FILENAME' column!
HD82885's querry doesn't have a 'FILENAME' column!
HD25680's querry doesn't have a 'FILENAME' column!
HD72760's querry doesn't have a 'FILENAME' column!
HD173667's querry doesn't have a 'FILENAME' column!
HD162004's querry doesn't have a 'FILENAME' column!
HD168151's querry doesn't have a 'FILENAME' column!
HD10307's querry doesn't have a 'FILENAME' column!
HD162003's querry doesn't have a 'FILENAME' column!
HD187013's querry doesn't have a 'FILENAME' column!
HD202568's querry doesn't have a 'FILENAME' column!
HD90508's querry doesn't have a 'FILENAME' column!
HD112758's querry doesn't have a 'FILENAME' column!
HD110833's querry doesn't have a 'FILENAME' column!
HD131582's querry doesn't have a 'FILENAME' column!
HD131511's querry doesn't have a 'FILENAME' column!
HD122742's querry doesn't have a 'FILENAME' column!
CK00262's querry doesn't have a 'FILENAME' column!
CK00260's querry doesn't have a 'FILENAME' column!
CK00277's querry doesn't have a 'FILENAME' column!
HD161198's querry doesn't have a 'FILENAME' column!
src/CHIP.py:147: RuntimeWarning: invalid value encountered in sqrt
  SNR = np.mean(np.sqrt(spectrum))
WASP84's querry doesn't have a 'FILENAME' column!
src/CHIP.py:147: RuntimeWarning: invalid value encountered in sqrt
  SNR = np.mean(np.sqrt(spectrum))
src/CHIP.py:147: RuntimeWarning: invalid value encountered in sqrt
  SNR = np.mean(np.sqrt(spectrum))
src/CHIP.py:147: RuntimeWarning: invalid value encountered in sqrt
  SNR = np.mean(np.sqrt(spectrum))
CK00072's querry doesn't have a 'FILENAME' column!
CK00316's querry doesn't have a 'FILENAME' column!
BD+374784's querry doesn't have a 'FILENAME' column!
BD+374783's querry doesn't have a 'FILENAME' column!
src/CHIP.py:147: RuntimeWarning: invalid value encountered in sqrt
  SNR = np.mean(np.sqrt(spectrum))
HII296's querry doesn't have a 'FILENAME' column!
HII263's querry doesn't have a 'FILENAME' column!
HD105546's querry doesn't have a 'FILENAME' column!
HD3861's querry doesn't have a 'FILENAME' column!
src/CHIP.py:147: RuntimeWarning: invalid value encountered in sqrt
  SNR = np.mean(np.sqrt(spectrum))
src/CHIP.py:147: RuntimeWarning: invalid value encountered in sqrt
  SNR = np.mean(np.sqrt(spectrum))
src/CHIP.py:147: RuntimeWarning: invalid value encountered in sqrt
  SNR = np.mean(np.sqrt(spectrum))
HD206332*'s querry doesn't have a 'FILENAME' column!
src/CHIP.py:147: RuntimeWarning: invalid value encountered in sqrt
  SNR = np.mean(np.sqrt(spectrum))
HD27859's querry doesn't have a 'FILENAME' column!
src/CHIP.py:147: RuntimeWarning: invalid value encountered in sqrt
  SNR = np.mean(np.sqrt(spectrum))
src/CHIP.py:147: RuntimeWarning: invalid value encountered in sqrt
  SNR = np.mean(np.sqrt(spectrum))
src/CHIP.py:147: RuntimeWarning: invalid value encountered in sqrt
  SNR = np.mean(np.sqrt(spectrum))
src/CHIP.py:147: RuntimeWarning: invalid value encountered in sqrt
  SNR = np.mean(np.sqrt(spectrum))
src/CHIP.py:147: RuntimeWarning: invalid value encountered in sqrt
  SNR = np.mean(np.sqrt(spectrum))
src/CHIP.py:147: RuntimeWarning: invalid value encountered in sqrt
  SNR = np.mean(np.sqrt(spectrum))
HD0732-0862104's querry doesn't have a 'FILENAME' column!
HD0737-0797111's querry doesn't have a 'FILENAME' column!
WARNING: File may have been truncated: actual file length (301964) is smaller than the expected size (319680) [astropy.io.fits.file]
File may have been truncated: actual file length (301964) is smaller than the expected size (319680)
Successful login as jgussman
Traceback (most recent call last):
  File "src/CHIP.py", line 791, in <module>
    chip.run()
  File "src/CHIP.py", line 102, in run
    self.download_spectra()
  File "src/CHIP.py", line 267, in download_spectra
    temp_SNR = self.download_spectrum(filename)
  File "src/CHIP.py", line 182, in download_spectrum
    temp_deblazedFlux = fits.getdata(file_path)
  File "/N/u/jgussman/Carbonate/.local/lib/python3.8/site-packages/astropy/io/fits/convenience.py", line 192, in getdata
    data = hdu.data
  File "/N/u/jgussman/Carbonate/.local/lib/python3.8/site-packages/astropy/utils/decorators.py", line 758, in __get__
    val = self.fget(obj)
  File "/N/u/jgussman/Carbonate/.local/lib/python3.8/site-packages/astropy/io/fits/hdu/image.py", line 230, in data
    data = self._get_scaled_image_data(self._data_offset, self.shape)
  File "/N/u/jgussman/Carbonate/.local/lib/python3.8/site-packages/astropy/io/fits/hdu/image.py", line 699, in _get_scaled_image_data
    raw_data = self._get_raw_data(shape, code, offset)
  File "/N/u/jgussman/Carbonate/.local/lib/python3.8/site-packages/astropy/io/fits/hdu/base.py", line 520, in _get_raw_data
    return self._file.readarray(offset=offset, dtype=code, shape=shape)
  File "/N/u/jgussman/Carbonate/.local/lib/python3.8/site-packages/astropy/io/fits/file.py", line 330, in readarray
    return np.ndarray(shape=shape, dtype=dtype, offset=offset,
TypeError: buffer is too small for requested array
Finished
